<?xml version="1.0" encoding="UTF-8"?>
<!-- Generated by org.testng.reporters.JUnitReportReporter -->
<testsuite skipped="0" hostname="USVAWXMCS0022" name="com.qa.restapi.GetCallBDD" tests="1" failures="0" timestamp="04 Nov 2021 12:00:49 GMT" time="11.704" errors="0">
  <testcase name="verifyGetMethod" time="11.704" classname="com.qa.restapi.GetCallBDD"/>
</testsuite> <!-- com.qa.restapi.GetCallBDD -->
